<?xml version="1.0" encoding="UTF-8"?>
<!-- Generated by org.testng.reporters.JUnitXMLReporter -->
<testsuite ignored="0" hostname="DESKTOP-9L3L5HQ" failures="0" tests="2" name="Bookstore API Tests" time="13.017" errors="0" timestamp="2025-07-24T23:19:38 EEST">
  <testcase classname="com.bookstore.api.test.AccountUserTest" name="testCreateAndDeleteUser" time="8.502"/>
  <testcase classname="com.bookstore.api.test.AccountUserTest" name="testCreateAndDeleteUser" time="3.57"/>
</testsuite> <!-- Bookstore API Tests -->
