<?xml version="1.0" encoding="UTF-8"?>
<testng-results ignored="0" total="2" passed="2" failed="0" skipped="0">
  <reporter-output>
  </reporter-output>
  <suite started-at="2025-07-24T07:22:56 EEST" name="DemoQA API Test Suite" finished-at="2025-07-24T07:23:08 EEST" duration-ms="12363">
    <groups>
    </groups>
    <test started-at="2025-07-24T07:22:56 EEST" name="Account User Tests" finished-at="2025-07-24T07:23:08 EEST" duration-ms="12363">
      <class name="api.test.AccountUserTest">
        <test-method is-config="true" signature="setupExtent()[pri:0, instance:api.test.AccountUserTest@2f6e28bc]" started-at="2025-07-24T07:22:55 EEST" name="setupExtent" finished-at="2025-07-24T07:22:56 EEST" duration-ms="554" status="PASS">
          <reporter-output>
          </reporter-output>
        </test-method> <!-- setupExtent -->
        <test-method signature="testCreateAndDeleteUser(java.lang.String,java.lang.String)[pri:0, instance:api.test.AccountUserTest@2f6e28bc]" started-at="2025-07-24T07:22:57 EEST" name="testCreateAndDeleteUser" data-provider="userData" finished-at="2025-07-24T07:23:05 EEST" duration-ms="7923" status="PASS">
          <params>
            <param index="0">
              <value>
                <![CDATA[Sahaj]]>
              </value>
            </param>
            <param index="1">
              <value>
                <![CDATA[Test@1234]]>
              </value>
            </param>
          </params>
          <reporter-output>
          </reporter-output>
        </test-method> <!-- testCreateAndDeleteUser -->
        <test-method signature="testCreateAndDeleteUser(java.lang.String,java.lang.String)[pri:0, instance:api.test.AccountUserTest@2f6e28bc]" started-at="2025-07-24T07:23:05 EEST" name="testCreateAndDeleteUser" data-provider="userData" finished-at="2025-07-24T07:23:08 EEST" duration-ms="3623" status="PASS">
          <params>
            <param index="0">
              <value>
                <![CDATA[Sehej]]>
              </value>
            </param>
            <param index="1">
              <value>
                <![CDATA[Taadgg@235]]>
              </value>
            </param>
          </params>
          <reporter-output>
          </reporter-output>
        </test-method> <!-- testCreateAndDeleteUser -->
        <test-method is-config="true" signature="tearDownExtent()[pri:0, instance:api.test.AccountUserTest@2f6e28bc]" started-at="2025-07-24T07:23:08 EEST" name="tearDownExtent" finished-at="2025-07-24T07:23:09 EEST" duration-ms="584" status="PASS">
          <reporter-output>
          </reporter-output>
        </test-method> <!-- tearDownExtent -->
      </class> <!-- api.test.AccountUserTest -->
    </test> <!-- Account User Tests -->
  </suite> <!-- DemoQA API Test Suite -->
</testng-results>
